CricketX	0.1	57.81	0.0
CricketX	0.2	65.91	0.0
CricketX	0.4	77.68	0.0
CricketX	0.1	57.93	0.0
CricketX	0.2	64.42	0.0
CricketX	0.4	73.24	0.0
CricketX	1	84.25	0.0
InsectWingbeatSound	0.1	30.9	0.0
InsectWingbeatSound	0.2	46.9	0.0
InsectWingbeatSound	0.4	56.07	0.0
InsectWingbeatSound	1	63.23	0.0
XJTU	0.1	29.95	0.0
UWaveGestureLibraryAll	0.1	77.76	0.0
MFPT	0.1	79.13	0.0
XJTU	0.2	75.81	0.0
UWaveGestureLibraryAll	0.2	86.82	0.0
EpilepticSeizure	0.1	78.4	0.0
MFPT	0.2	93.46	0.0
XJTU	0.4	81.77	0.0
UWaveGestureLibraryAll	0.4	93.86	0.0
XJTU	1	95.18	0.0
MFPT	0.4	98.12	0.0
UWaveGestureLibraryAll	1	95.97	0.0
XJTU	0.1	45.99	0.0
UWaveGestureLibraryAll	0.1	79.01	0.0
MFPT	0.1	79.62	0.0
UWaveGestureLibraryAll	0.2	90.34	0.0
XJTU	0.2	79.25	0.0
UWaveGestureLibraryAll	0.4	93.24	0.0
MFPT	0.2	91.09	0.0
XJTU	0.4	83.33	0.0
EpilepticSeizure	0.1	79.77	0.0
UWaveGestureLibraryAll	1	95.8	0.0
MFPT	0.4	96.68	0.0
XJTU	1	95.65	0.0
MFPT	1	98.54	0.0
CricketX	0.1	35.86	0.0
CricketX	0.2	45.03	0.0
InsectWingbeatSound	0.1	18.62	0.0
CricketX	0.4	54.93	0.0
InsectWingbeatSound	0.2	22.17	0.0
InsectWingbeatSound	0.4	29.57	0.0
CricketX	1	67.31	0.0
InsectWingbeatSound	1	46.46	0.0
UWaveGestureLibraryAll	0.1	52.66	0.0
XJTU	0.1	68.83	0.0
MFPT	0.1	60.76	0.0
CricketX	0.1	49.52	0.0
UWaveGestureLibraryAll	0.2	66.22	0.0
XJTU	0.2	91.02	0.0
MFPT	0.2	73.61	0.0
UWaveGestureLibraryAll	0.4	69.55	0.0
CricketX	0.2	61.94	0.0
XJTU	0.4	96.38	0.0
UWaveGestureLibraryAll	1	76.68	0.0
InsectWingbeatSound	0.1	19.87	0.0
InsectWingbeatSound	0.2	27.38	0.0
InsectWingbeatSound	0.4	32.25	0.0
MFPT	0.4	82.17	0.0
InsectWingbeatSound	1	46.18	0.0
InsectWingbeatSound	0.1	39.79	0.0
InsectWingbeatSound	0.2	45.06	0.0
CricketX	0.1	54.29	0.0
MFPT	1	93.68	0.0
InsectWingbeatSound	0.4	56.86	0.0
XJTU	0.1	62.49	0.0
InsectWingbeatSound	1	63.28	0.0
UWaveGestureLibraryAll	0.1	75.14	0.0
MFPT	0.1	72.37	0.0
XJTU	0.2	83.68	0.0
UWaveGestureLibraryAll	0.2	85.26	0.0
MFPT	0.2	87.16	0.0
XJTU	0.4	97.14	0.0
UWaveGestureLibraryAll	0.4	91.0	0.0
XJTU	1	98.83	0.0
MFPT	0.4	96.36	0.0
UWaveGestureLibraryAll	1	95.47	0.0
MFPT	1	99.12	0.0
InsectWingbeatSound	0.1	35.22	0.0
CricketX	0.1	43.31	0.0
InsectWingbeatSound	0.2	46.4	0.0
CricketX	0.2	61.9	0.0
InsectWingbeatSound	0.4	56.48	0.0
CricketX	0.4	74.88	0.0
UWaveGestureLibraryAll	0.1	81.13	0.0
InsectWingbeatSound	1	64.4	0.0
XJTU	0.1	90.7	0.0
CricketX	1	85.58	0.0
InsectWingbeatSound	0.1	26.32	0.0
CricketX	0.1	47.88	0.0
MFPT	0.1	83.4	0.0
InsectWingbeatSound	0.2	45.23	0.0
CricketX	0.2	63.34	0.0
InsectWingbeatSound	0.4	55.47	0.0
EpilepticSeizure	0.1	75.55	0.0
CricketX	0.4	75.72	0.0
InsectWingbeatSound	1	62.71	0.0
CricketX	1	84.09	0.0
UWaveGestureLibraryAll	0.2	90.44	0.0
XJTU	0.2	95.96	0.0
EpilepticSeizure	0.2	79.12	0.0
MFPT	0.2	95.24	0.0
UWaveGestureLibraryAll	0.4	93.71	0.0
XJTU	0.4	99.35	0.0
CricketX	0.1	49.24	0.0
InsectWingbeatSound	0.1	34.68	0.0
InsectWingbeatSound	0.2	46.06	0.0
CricketX	0.2	66.63	0.0
UWaveGestureLibraryAll	1	96.05	0.0
MFPT	0.4	98.73	0.0
InsectWingbeatSound	0.4	56.7	0.0
XJTU	1	99.61	0.0
CricketX	0.4	73.16	0.0
InsectWingbeatSound	1	64.22	0.0
CricketX	1	85.22	0.0
EpilepticSeizure	0.4	82.08	0.0
MFPT	1	99.8	0.0
UWaveGestureLibraryAll	0.1	71.37	0.0
XJTU	0.1	93.75	0.0
MFPT	0.1	84.71	0.0
UWaveGestureLibraryAll	0.2	82.91	0.0
XJTU	0.2	99.09	0.0
EpilepticSeizure	0.1	80.57	0.0
MFPT	0.2	93.19	0.0
XJTU	0.4	100.0	0.0
UWaveGestureLibraryAll	0.4	91.01	0.0
XJTU	1	100.0	0.0
EpilepticSeizure	1	86.77	0.0
MFPT	0.4	96.68	0.0
UWaveGestureLibraryAll	1	93.72	0.0
MFPT	1	98.24	0.0
EpilepticSeizure	0.2	81.37	0.0
EpilepticSeizure	0.4	81.67	0.0
EpilepticSeizure	1	84.81	0.0
